make all --print-data-base --no-builtin-variables --no-builtin-rules --question
make: *** No rule to make target 'all'.  Stop.

# GNU Make 4.2.1
# Built for x86_64-pc-linux-gnu
# Copyright (C) 1988-2016 Free Software Foundation, Inc.
# License GPLv3+: GNU GPL version 3 or later <http://gnu.org/licenses/gpl.html>
# This is free software: you are free to change and redistribute it.
# There is NO WARRANTY, to the extent permitted by law.

# Make data base, printed on Mon Jun  6 20:57:18 2022

# Variables

# automatic
<D = $(patsubst %/,%,$(dir $<))
# automatic
?F = $(notdir $?)
# default
.SHELLFLAGS := -c
# environment
XDG_SESSION_CLASS = user
# environment
VSCODE_AGENT_FOLDER = /home/user/.vscode-server
# environment
XDG_SESSION_TYPE = tty
# environment
VSCODE_LOG_NATIVE = false
# automatic
?D = $(patsubst %/,%,$(dir $?))
# automatic
@D = $(patsubst %/,%,$(dir $@))
# automatic
@F = $(notdir $@)
# default
MAKE_VERSION := 4.2.1
# makefile
CURDIR := /home/user/dna-seq-align
# makefile
SHELL = /bin/sh
# environment
VSCODE_NLS_CONFIG = {"locale":"en","availableLanguages":{}}
# environment
_ = /home/user/.vscode-server/bin/c3511e6c69bb39013c4a4b7b9566ec1ca73fc4d5/node
# makefile (from 'Makefile', line 1)
MAKEFILE_LIST :=  Makefile
# 'override' directive
GNUMAKEFLAGS := 
# environment
MAKELEVEL := 0
# environment
XDG_DATA_DIRS = /usr/local/share:/usr/share:/var/lib/snapd/desktop
# environment
DBUS_SESSION_BUS_ADDRESS = unix:path=/run/user/1000/bus
# environment
VSCODE_VERBOSE_LOGGING = true
# environment
LC_CTYPE = C.UTF-8
# environment
LESSOPEN = | /usr/bin/lesspipe %s
# environment
LC_NAME = C.UTF-8
# environment
VSCODE_CWD = /home/user
# environment
SSH_CONNECTION = 10.102.7.33 59338 10.103.3.95 22
# environment
PATH = /home/user/.vscode-server/bin/c3511e6c69bb39013c4a4b7b9566ec1ca73fc4d5/bin/remote-cli:/home/user/.local/bin:/usr/local/cuda-11.3/bin:/home/user/.local/bin:/usr/local/sbin:/usr/local/bin:/usr/sbin:/usr/bin:/sbin:/bin:/usr/games:/usr/local/games:/snap/bin
# environment
XDG_RUNTIME_DIR = /run/user/1000
# environment
VSCODE_LOG_STACK = false
# environment
LC_NUMERIC = C.UTF-8
# environment
VSCODE_IPC_HOOK_CLI = /run/user/1000/vscode-ipc-5ae9d8c7-e1aa-48fa-822d-58bb6b7936bf.sock
# default
.FEATURES := target-specific order-only second-expansion else-if shortest-stem undefine oneshell archives jobserver output-sync check-symlink load
# environment
LS_COLORS = 
# automatic
%F = $(notdir $%)
# environment
VSCODE_PIPE_LOGGING = true
# environment
PWD = /home/user/dna-seq-align
# default
.LOADED := 
# automatic
*D = $(patsubst %/,%,$(dir $*))
# environment
VSCODE_AMD_ENTRYPOINT = vs/workbench/api/node/extensionHostProcess
# environment
HOME = /home/user
# environment
LD_LIBRARY_PATH = /usr/local/cuda-11.3/lib64:
# environment
LESSCLOSE = /usr/bin/lesspipe %s %s
# environment
LOGNAME = user
# environment
APPLICATION_INSIGHTS_NO_DIAGNOSTIC_CHANNEL = true
# automatic
+F = $(notdir $+)
# environment
VSCODE_HANDLES_UNCAUGHT_ERRORS = true
# automatic
^D = $(patsubst %/,%,$(dir $^))
# environment
LC_TIME = C.UTF-8
# default
MAKE = $(MAKE_COMMAND)
# default
MAKECMDGOALS := all
# environment
SHLVL = 1
# environment
XDG_SESSION_ID = 1161
# environment
USER = user
# environment
LC_MONETARY = C.UTF-8
# makefile
.DEFAULT_GOAL := main
# makefile (from 'Makefile', line 1)
NAME = main
# automatic
%D = $(patsubst %/,%,$(dir $%))
# environment
LC_TELEPHONE = C.UTF-8
# default
MAKE_COMMAND := make
# default
.VARIABLES := 
# automatic
*F = $(notdir $*)
# makefile
MAKEFLAGS = pqrR
# environment
MFLAGS = -pqrR
# environment
SSH_CLIENT = 10.102.7.33 59338 22
# automatic
+D = $(patsubst %/,%,$(dir $+))
# environment
BROWSER = /home/user/.vscode-server/bin/c3511e6c69bb39013c4a4b7b9566ec1ca73fc4d5/bin/helpers/browser.sh
# environment
VSCODE_HANDLES_SIGPIPE = true
# default
MAKEFILES := 
# automatic
<F = $(notdir $<)
 
# automatic
^F = $(notdir $^)
# environment
LC_MEASUREMENT = C.UTF-8
# environment
LC_ALL = C
# environment
LC_PAPER = C.UTF-8
# default
SUFFIXES := 
# default
.INCLUDE_DIRS = /usr/include /usr/local/include /usr/include
# environment
LC_IDENTIFICATION = C.UTF-8
# default
.RECIPEPREFIX := 
# environment
LC_ADDRESS = C.UTF-8
# default
MAKE_HOST := x86_64-pc-linux-gnu
# environment
LANG = C
# environment
VSCODE_EXTHOST_WILL_SEND_SOCKET = true
# environment
MOTD_SHOWN = pam
# variable set hash-table stats:
# Load=82/1024=8%, Rehash=0, Collisions=15/108=14%

# Pattern-specific Variable Values

# No pattern-specific variable values.

# Directories

# . (device 2050, inode 2492392): 33 files, no impossibilities.

# 33 files, no impossibilities in 1 directories.

# Implicit Rules

# No implicit rules.

# Files

# Not a target:
all:
#  Command line target.
#  Implicit rule search has been done.
#  File does not exist.
 
#  File has not been updated.

# Not a target:
Makefile:
#  Implicit rule search has been done.
#  Last modified 2022-06-03 22:16:47.614373089
#  File has been updated.
#  Successfully updated.

# Not a target:
main.cpp:
#  Implicit rule search has not been done.
#  Modification time never checked.
#  File has not been updated.

# Not a target:
.DEFAULT:
#  Implicit rule search has not been done.
#  Modification time never checked.
#  File has not been updated.

main: main.cpp
#  Implicit rule search has not been done.
#  Modification time never checked.
#  File has not been updated.
#  recipe to execute (from 'Makefile', line 3):
	g++ -o $(NAME) $(NAME).cpp

# files hash-table stats:
# Load=6/1024=1%, Rehash=0, Collisions=0/17=0%
# VPATH Search Paths

# No 'vpath' search paths.

# No general ('VPATH' variable) search path.

# strcache buffers: 1 (0) / strings = 38 / storage = 513 B / avg = 13 B
# current buf: size = 8162 B / used = 513 B / count = 38 / avg = 13 B

# strcache performance: lookups = 45 / hit rate = 15%
# hash-table stats:
# Load=38/8192=0%, Rehash=0, Collisions=1/45=2%
 
# Finished Make data base on Mon Jun  6 20:57:18 2022

 
